<?xml version="1.0" encoding="UTF-8"?>
<!-- Generated by org.testng.reporters.JUnitReportReporter -->
<testsuite hostname="4-ME" failures="0" tests="1" name="com.qa.tests.Register" time="15.263" errors="0" timestamp="26 Jun 2022 05:07:51 GMT" skipped="0">
  <testcase classname="com.qa.tests.Register" name="click_on_reg" time="15.263"/>
</testsuite> <!-- com.qa.tests.Register -->
