<?xml version="1.0" encoding="UTF-8"?>
<!-- Generated by org.testng.reporters.JUnitReportReporter -->
<testsuite hostname="4-ME" failures="0" tests="1" name="com.qa.tests.LoginTest" time="13.621" errors="0" timestamp="26 Jun 2022 05:06:05 GMT" skipped="0">
  <testcase classname="com.qa.tests.LoginTest" name="login" time="13.621"/>
</testsuite> <!-- com.qa.tests.LoginTest -->
