<?xml version="1.0" encoding="UTF-8"?>
<!-- Generated by org.testng.reporters.JUnitReportReporter -->
<testsuite hostname="4-ME" failures="0" tests="1" name="com.qa.tests.DataProvideLoginTest" time="0.000" errors="0" timestamp="26 Jun 2022 04:54:50 GMT" skipped="1">
  <testcase classname="com.qa.tests.DataProvideLoginTest" name="login" time="0.000">
    <skipped/>
  </testcase> <!-- login -->
</testsuite> <!-- com.qa.tests.DataProvideLoginTest -->
